[15-Jun-2023 14:01:53 America/Lima] Inicio de la Aplicación
[15-Jun-2023 14:01:53 America/Lima] Conexión a BD exitosa
[15-Jun-2023 14:01:54 America/Lima] Inicio de la Aplicación
[15-Jun-2023 14:01:54 America/Lima] Conexión a BD exitosa
[15-Jun-2023 14:02:01 America/Lima] Inicio de la Aplicación
[15-Jun-2023 14:02:01 America/Lima] Conexión a BD exitosa
[15-Jun-2023 14:02:02 America/Lima] Inicio de la Aplicación
[15-Jun-2023 14:02:02 America/Lima] Conexión a BD exitosa
[15-Jun-2023 14:02:12 America/Lima] Inicio de la Aplicación
[15-Jun-2023 14:02:12 America/Lima] Conexión a BD exitosa
[15-Jun-2023 14:02:13 America/Lima] Inicio de la Aplicación
[15-Jun-2023 14:02:13 America/Lima] Conexión a BD exitosa
[15-Jun-2023 14:03:18 America/Lima] Inicio de la Aplicación
[15-Jun-2023 14:03:18 America/Lima] Conexión a BD exitosa
[15-Jun-2023 14:03:18 America/Lima] Inicio de la Aplicación
[15-Jun-2023 14:03:18 America/Lima] Conexión a BD exitosa
[15-Jun-2023 14:03:22 America/Lima] Inicio de la Aplicación
[15-Jun-2023 14:05:04 America/Lima] Inicio de la Aplicación
[15-Jun-2023 14:05:05 America/Lima] Conexión a BD exitosa
[15-Jun-2023 14:05:05 America/Lima] Inicio de la Aplicación
[15-Jun-2023 14:05:05 America/Lima] Inicio de la Aplicación
[15-Jun-2023 14:05:05 America/Lima] Conexión a BD exitosa
[15-Jun-2023 14:05:13 America/Lima] Inicio de la Aplicación
[15-Jun-2023 14:05:13 America/Lima] Conexión a BD exitosa
[15-Jun-2023 14:05:13 America/Lima] Inicio de la Aplicación
[15-Jun-2023 14:05:14 America/Lima] Inicio de la Aplicación
[15-Jun-2023 14:05:14 America/Lima] Conexión a BD exitosa
[15-Jun-2023 14:05:18 America/Lima] Inicio de la Aplicación
[15-Jun-2023 14:05:18 America/Lima] Conexión a BD exitosa
[15-Jun-2023 14:05:19 America/Lima] Inicio de la Aplicación
[15-Jun-2023 14:05:19 America/Lima] Conexión a BD exitosa
[15-Jun-2023 14:06:07 America/Lima] Inicio de la Aplicación
[15-Jun-2023 14:06:07 America/Lima] Conexión a BD exitosa
[15-Jun-2023 14:06:07 America/Lima] Inicio de la Aplicación
[15-Jun-2023 14:06:07 America/Lima] Conexión a BD exitosa
[15-Jun-2023 14:06:09 America/Lima] Inicio de la Aplicación
[15-Jun-2023 14:06:09 America/Lima] Conexión a BD exitosa
[15-Jun-2023 14:06:10 America/Lima] Inicio de la Aplicación
[15-Jun-2023 14:06:10 America/Lima] Conexión a BD exitosa
[15-Jun-2023 14:07:57 America/Lima] Inicio de la Aplicación
[15-Jun-2023 14:07:57 America/Lima] Conexión a BD exitosa
[15-Jun-2023 14:07:58 America/Lima] Inicio de la Aplicación
[15-Jun-2023 14:07:58 America/Lima] Conexión a BD exitosa
[15-Jun-2023 14:07:58 America/Lima] Inicio de la Aplicación
[15-Jun-2023 14:07:58 America/Lima] Conexión a BD exitosa
[15-Jun-2023 14:07:59 America/Lima] Inicio de la Aplicación
[15-Jun-2023 14:07:59 America/Lima] Conexión a BD exitosa
[15-Jun-2023 14:15:46 America/Lima] Inicio de la Aplicación
[15-Jun-2023 14:15:46 America/Lima] Conexión a BD exitosa
[15-Jun-2023 14:15:47 America/Lima] Inicio de la Aplicación
[15-Jun-2023 14:15:47 America/Lima] Conexión a BD exitosa
[15-Jun-2023 14:15:51 America/Lima] Inicio de la Aplicación
[15-Jun-2023 14:15:51 America/Lima] Conexión a BD exitosa
[15-Jun-2023 14:15:52 America/Lima] Inicio de la Aplicación
[15-Jun-2023 14:15:52 America/Lima] Conexión a BD exitosa
[15-Jun-2023 14:27:07 America/Lima] Inicio de la Aplicación
[15-Jun-2023 14:27:07 America/Lima] Conexión a BD exitosa
[15-Jun-2023 14:27:08 America/Lima] Inicio de la Aplicación
[15-Jun-2023 14:27:08 America/Lima] Conexión a BD exitosa
[15-Jun-2023 14:27:36 America/Lima] Inicio de la Aplicación
[15-Jun-2023 18:41:04 America/Lima] Inicio de la Aplicación
[15-Jun-2023 18:41:04 America/Lima] Conexión a BD exitosa
[15-Jun-2023 18:41:05 America/Lima] Inicio de la Aplicación
[15-Jun-2023 18:41:05 America/Lima] Conexión a BD exitosa
[15-Jun-2023 18:41:07 America/Lima] Inicio de la Aplicación
[15-Jun-2023 18:41:07 America/Lima] Conexión a BD exitosa
[15-Jun-2023 18:41:08 America/Lima] Inicio de la Aplicación
[15-Jun-2023 18:41:08 America/Lima] Conexión a BD exitosa
[15-Jun-2023 18:43:10 America/Lima] Inicio de la Aplicación
[15-Jun-2023 18:43:10 America/Lima] Conexión a BD exitosa
[15-Jun-2023 18:43:11 America/Lima] Inicio de la Aplicación
[15-Jun-2023 18:43:11 America/Lima] Conexión a BD exitosa
[15-Jun-2023 18:43:46 America/Lima] Inicio de la Aplicación
[15-Jun-2023 18:43:46 America/Lima] Conexión a BD exitosa
[15-Jun-2023 18:43:47 America/Lima] Inicio de la Aplicación
[15-Jun-2023 18:43:47 America/Lima] Conexión a BD exitosa
[15-Jun-2023 18:43:54 America/Lima] Inicio de la Aplicación
[15-Jun-2023 18:44:01 America/Lima] Inicio de la Aplicación
[15-Jun-2023 18:44:01 America/Lima] Conexión a BD exitosa
[15-Jun-2023 18:44:01 America/Lima] Inicio de la Aplicación
[15-Jun-2023 18:44:01 America/Lima] Inicio de la Aplicación
[15-Jun-2023 18:44:01 America/Lima] Conexión a BD exitosa
[15-Jun-2023 18:49:12 America/Lima] Inicio de la Aplicación
[15-Jun-2023 18:49:12 America/Lima] Conexión a BD exitosa
[15-Jun-2023 18:49:12 America/Lima] Inicio de la Aplicación
[15-Jun-2023 18:49:12 America/Lima] Inicio de la Aplicación
[15-Jun-2023 18:49:12 America/Lima] Conexión a BD exitosa
[15-Jun-2023 18:49:51 America/Lima] Inicio de la Aplicación
[15-Jun-2023 18:49:51 America/Lima] Conexión a BD exitosa
[15-Jun-2023 18:49:52 America/Lima] Inicio de la Aplicación
[15-Jun-2023 18:49:52 America/Lima] Conexión a BD exitosa
[15-Jun-2023 18:50:35 America/Lima] Inicio de la Aplicación
[15-Jun-2023 18:50:35 America/Lima] Conexión a BD exitosa
[15-Jun-2023 18:50:36 America/Lima] Inicio de la Aplicación
[15-Jun-2023 18:50:36 America/Lima] Conexión a BD exitosa
[15-Jun-2023 18:56:00 America/Lima] Inicio de la Aplicación
[15-Jun-2023 18:56:00 America/Lima] Conexión a BD exitosa
[15-Jun-2023 18:56:01 America/Lima] Inicio de la Aplicación
[15-Jun-2023 18:56:01 America/Lima] Conexión a BD exitosa
[15-Jun-2023 18:56:02 America/Lima] Inicio de la Aplicación
[15-Jun-2023 18:56:02 America/Lima] Conexión a BD exitosa
[15-Jun-2023 18:56:02 America/Lima] Inicio de la Aplicación
[15-Jun-2023 18:56:02 America/Lima] Conexión a BD exitosa
[15-Jun-2023 18:56:03 America/Lima] Inicio de la Aplicación
[15-Jun-2023 18:56:03 America/Lima] Conexión a BD exitosa
[15-Jun-2023 18:56:31 America/Lima] Inicio de la Aplicación
[15-Jun-2023 18:56:31 America/Lima] Conexión a BD exitosa
[15-Jun-2023 18:56:32 America/Lima] Inicio de la Aplicación
[15-Jun-2023 18:56:32 America/Lima] Conexión a BD exitosa
[15-Jun-2023 18:56:34 America/Lima] Inicio de la Aplicación
[15-Jun-2023 18:56:35 America/Lima] Conexión a BD exitosa
[15-Jun-2023 18:56:35 America/Lima] Inicio de la Aplicación
[15-Jun-2023 18:56:35 America/Lima] Conexión a BD exitosa
[15-Jun-2023 18:56:36 America/Lima] Inicio de la Aplicación
[15-Jun-2023 18:56:36 America/Lima] Conexión a BD exitosa
[15-Jun-2023 18:56:38 America/Lima] Inicio de la Aplicación
[15-Jun-2023 18:56:38 America/Lima] Conexión a BD exitosa
[15-Jun-2023 18:56:45 America/Lima] Inicio de la Aplicación
[15-Jun-2023 18:56:45 America/Lima] Conexión a BD exitosa
[15-Jun-2023 18:56:45 America/Lima] Inicio de la Aplicación
[15-Jun-2023 18:56:45 America/Lima] Conexión a BD exitosa
[15-Jun-2023 18:56:46 America/Lima] Inicio de la Aplicación
[15-Jun-2023 18:56:46 America/Lima] Conexión a BD exitosa
[15-Jun-2023 18:57:07 America/Lima] Inicio de la Aplicación
[15-Jun-2023 18:57:07 America/Lima] Conexión a BD exitosa
[15-Jun-2023 18:57:08 America/Lima] Inicio de la Aplicación
[15-Jun-2023 18:57:08 America/Lima] Conexión a BD exitosa
[15-Jun-2023 19:01:52 America/Lima] Inicio de la Aplicación
[15-Jun-2023 19:01:52 America/Lima] Conexión a BD exitosa
[15-Jun-2023 19:01:53 America/Lima] Inicio de la Aplicación
[15-Jun-2023 19:01:53 America/Lima] Conexión a BD exitosa
[15-Jun-2023 19:01:53 America/Lima] Inicio de la Aplicación
[15-Jun-2023 19:01:53 America/Lima] Conexión a BD exitosa
[15-Jun-2023 19:01:54 America/Lima] Inicio de la Aplicación
[15-Jun-2023 19:01:54 America/Lima] Conexión a BD exitosa
[15-Jun-2023 19:01:57 America/Lima] Inicio de la Aplicación
[15-Jun-2023 19:01:57 America/Lima] Conexión a BD exitosa
[15-Jun-2023 19:01:58 America/Lima] Inicio de la Aplicación
[15-Jun-2023 19:01:58 America/Lima] Conexión a BD exitosa
[15-Jun-2023 19:01:58 America/Lima] Inicio de la Aplicación
[15-Jun-2023 19:01:58 America/Lima] Conexión a BD exitosa
[15-Jun-2023 19:02:06 America/Lima] Inicio de la Aplicación
[15-Jun-2023 19:02:06 America/Lima] Conexión a BD exitosa
[15-Jun-2023 19:02:08 America/Lima] Inicio de la Aplicación
[15-Jun-2023 19:02:08 America/Lima] Conexión a BD exitosa
[15-Jun-2023 19:02:09 America/Lima] Inicio de la Aplicación
[15-Jun-2023 19:02:09 America/Lima] Conexión a BD exitosa
[15-Jun-2023 19:02:10 America/Lima] Inicio de la Aplicación
[15-Jun-2023 19:02:10 America/Lima] Conexión a BD exitosa
[15-Jun-2023 19:02:11 America/Lima] Inicio de la Aplicación
[15-Jun-2023 19:02:11 America/Lima] Conexión a BD exitosa
[15-Jun-2023 19:02:11 America/Lima] Inicio de la Aplicación
[15-Jun-2023 19:02:11 America/Lima] Conexión a BD exitosa
[15-Jun-2023 19:02:12 America/Lima] Inicio de la Aplicación
[15-Jun-2023 19:02:12 America/Lima] Conexión a BD exitosa
[15-Jun-2023 19:02:13 America/Lima] Inicio de la Aplicación
[15-Jun-2023 19:02:13 America/Lima] Conexión a BD exitosa
[15-Jun-2023 19:02:13 America/Lima] Inicio de la Aplicación
[15-Jun-2023 19:02:14 America/Lima] Conexión a BD exitosa
[15-Jun-2023 19:02:14 America/Lima] Inicio de la Aplicación
[15-Jun-2023 19:02:14 America/Lima] Conexión a BD exitosa
[15-Jun-2023 19:02:14 America/Lima] Inicio de la Aplicación
[15-Jun-2023 19:02:14 America/Lima] Conexión a BD exitosa
[15-Jun-2023 19:02:15 America/Lima] Inicio de la Aplicación
[15-Jun-2023 19:02:15 America/Lima] Conexión a BD exitosa
[15-Jun-2023 19:02:15 America/Lima] Inicio de la Aplicación
[15-Jun-2023 19:02:15 America/Lima] Conexión a BD exitosa
[15-Jun-2023 19:02:16 America/Lima] Inicio de la Aplicación
[15-Jun-2023 19:02:16 America/Lima] Conexión a BD exitosa
[15-Jun-2023 19:02:16 America/Lima] Inicio de la Aplicación
[15-Jun-2023 19:02:16 America/Lima] Conexión a BD exitosa
[15-Jun-2023 19:02:17 America/Lima] Inicio de la Aplicación
[15-Jun-2023 19:02:17 America/Lima] Conexión a BD exitosa
[15-Jun-2023 19:02:25 America/Lima] Inicio de la Aplicación
[15-Jun-2023 19:02:25 America/Lima] Conexión a BD exitosa
[15-Jun-2023 19:02:26 America/Lima] Inicio de la Aplicación
[15-Jun-2023 19:02:26 America/Lima] Conexión a BD exitosa
[15-Jun-2023 19:03:49 America/Lima] Inicio de la Aplicación
[15-Jun-2023 19:03:49 America/Lima] Conexión a BD exitosa
[15-Jun-2023 19:03:50 America/Lima] Inicio de la Aplicación
[15-Jun-2023 19:03:50 America/Lima] Conexión a BD exitosa
[15-Jun-2023 19:03:50 America/Lima] Inicio de la Aplicación
[15-Jun-2023 19:03:50 America/Lima] Conexión a BD exitosa
[15-Jun-2023 19:03:51 America/Lima] Inicio de la Aplicación
[15-Jun-2023 19:03:51 America/Lima] Conexión a BD exitosa
[15-Jun-2023 19:03:51 America/Lima] Inicio de la Aplicación
[15-Jun-2023 19:03:51 America/Lima] Conexión a BD exitosa
[15-Jun-2023 19:03:53 America/Lima] Inicio de la Aplicación
[15-Jun-2023 19:03:53 America/Lima] Conexión a BD exitosa
[15-Jun-2023 19:03:55 America/Lima] Inicio de la Aplicación
[15-Jun-2023 19:03:57 America/Lima] Inicio de la Aplicación
[15-Jun-2023 19:03:58 America/Lima] Conexión a BD exitosa
[15-Jun-2023 19:03:59 America/Lima] Inicio de la Aplicación
[15-Jun-2023 19:03:59 America/Lima] Conexión a BD exitosa
[15-Jun-2023 19:04:02 America/Lima] Inicio de la Aplicación
[15-Jun-2023 19:04:02 America/Lima] Conexión a BD exitosa
[15-Jun-2023 19:04:03 America/Lima] Inicio de la Aplicación
[15-Jun-2023 19:04:03 America/Lima] Conexión a BD exitosa
[15-Jun-2023 19:04:54 America/Lima] Inicio de la Aplicación
[15-Jun-2023 19:04:54 America/Lima] Conexión a BD exitosa
[15-Jun-2023 19:04:54 America/Lima] Inicio de la Aplicación
[15-Jun-2023 19:04:54 America/Lima] Inicio de la Aplicación
[15-Jun-2023 19:04:54 America/Lima] Conexión a BD exitosa
[15-Jun-2023 19:04:56 America/Lima] Inicio de la Aplicación
[15-Jun-2023 19:04:56 America/Lima] Conexión a BD exitosa
[15-Jun-2023 19:04:57 America/Lima] Inicio de la Aplicación
[15-Jun-2023 19:04:57 America/Lima] Conexión a BD exitosa
[15-Jun-2023 19:05:01 America/Lima] Inicio de la Aplicación
[15-Jun-2023 19:05:01 America/Lima] Conexión a BD exitosa
[15-Jun-2023 19:05:02 America/Lima] Inicio de la Aplicación
[15-Jun-2023 19:05:02 America/Lima] Conexión a BD exitosa
[15-Jun-2023 19:05:26 America/Lima] Inicio de la Aplicación
[15-Jun-2023 19:05:26 America/Lima] Conexión a BD exitosa
[15-Jun-2023 19:05:26 America/Lima] Inicio de la Aplicación
[15-Jun-2023 19:05:26 America/Lima] Conexión a BD exitosa
[15-Jun-2023 19:05:27 America/Lima] Inicio de la Aplicación
[15-Jun-2023 19:05:27 America/Lima] Inicio de la Aplicación
[15-Jun-2023 19:05:27 America/Lima] Conexión a BD exitosa
[15-Jun-2023 19:05:28 America/Lima] Inicio de la Aplicación
[15-Jun-2023 19:05:28 America/Lima] Conexión a BD exitosa
[15-Jun-2023 19:05:28 America/Lima] Inicio de la Aplicación
[15-Jun-2023 19:05:28 America/Lima] Conexión a BD exitosa
[15-Jun-2023 19:05:30 America/Lima] Inicio de la Aplicación
[15-Jun-2023 19:05:30 America/Lima] Conexión a BD exitosa
[15-Jun-2023 19:05:31 America/Lima] Inicio de la Aplicación
[15-Jun-2023 19:05:31 America/Lima] Conexión a BD exitosa
[15-Jun-2023 19:05:33 America/Lima] Inicio de la Aplicación
[15-Jun-2023 19:05:33 America/Lima] Conexión a BD exitosa
[15-Jun-2023 19:05:34 America/Lima] Inicio de la Aplicación
[15-Jun-2023 19:05:34 America/Lima] Conexión a BD exitosa
[15-Jun-2023 19:05:36 America/Lima] Inicio de la Aplicación
[15-Jun-2023 19:05:36 America/Lima] Conexión a BD exitosa
[15-Jun-2023 19:05:37 America/Lima] Inicio de la Aplicación
[15-Jun-2023 19:05:37 America/Lima] Conexión a BD exitosa
[15-Jun-2023 19:05:38 America/Lima] Inicio de la Aplicación
[15-Jun-2023 19:05:38 America/Lima] Conexión a BD exitosa
[15-Jun-2023 19:05:39 America/Lima] Inicio de la Aplicación
[15-Jun-2023 19:05:39 America/Lima] Conexión a BD exitosa
[15-Jun-2023 19:05:39 America/Lima] Inicio de la Aplicación
[15-Jun-2023 19:05:39 America/Lima] Conexión a BD exitosa
[15-Jun-2023 19:06:00 America/Lima] Inicio de la Aplicación
[15-Jun-2023 19:06:00 America/Lima] Conexión a BD exitosa
[15-Jun-2023 19:06:02 America/Lima] Inicio de la Aplicación
[15-Jun-2023 19:06:02 America/Lima] Conexión a BD exitosa
[15-Jun-2023 19:06:05 America/Lima] Inicio de la Aplicación
[15-Jun-2023 19:06:05 America/Lima] Conexión a BD exitosa
[15-Jun-2023 19:06:05 America/Lima] Inicio de la Aplicación
[15-Jun-2023 19:06:05 America/Lima] Conexión a BD exitosa
[15-Jun-2023 19:06:06 America/Lima] Inicio de la Aplicación
[15-Jun-2023 19:06:06 America/Lima] Conexión a BD exitosa
[15-Jun-2023 19:06:06 America/Lima] Inicio de la Aplicación
[15-Jun-2023 19:06:06 America/Lima] Conexión a BD exitosa
[15-Jun-2023 19:06:06 America/Lima] Inicio de la Aplicación
[15-Jun-2023 19:06:06 America/Lima] Conexión a BD exitosa
[15-Jun-2023 19:06:07 America/Lima] Inicio de la Aplicación
[15-Jun-2023 19:06:07 America/Lima] Conexión a BD exitosa
[15-Jun-2023 19:06:17 America/Lima] Inicio de la Aplicación
[15-Jun-2023 19:06:17 America/Lima] Conexión a BD exitosa
[15-Jun-2023 19:06:19 America/Lima] Inicio de la Aplicación
[15-Jun-2023 19:06:19 America/Lima] Conexión a BD exitosa
[15-Jun-2023 19:06:20 America/Lima] Inicio de la Aplicación
[15-Jun-2023 19:06:20 America/Lima] Conexión a BD exitosa
[15-Jun-2023 19:06:21 America/Lima] Inicio de la Aplicación
[15-Jun-2023 19:06:21 America/Lima] Conexión a BD exitosa
[15-Jun-2023 19:06:23 America/Lima] Inicio de la Aplicación
[15-Jun-2023 19:06:23 America/Lima] Conexión a BD exitosa
[15-Jun-2023 19:06:24 America/Lima] Inicio de la Aplicación
[15-Jun-2023 19:06:24 America/Lima] Conexión a BD exitosa
[15-Jun-2023 19:06:25 America/Lima] Inicio de la Aplicación
[15-Jun-2023 19:06:25 America/Lima] Conexión a BD exitosa
[15-Jun-2023 19:06:26 America/Lima] Inicio de la Aplicación
[15-Jun-2023 19:06:26 America/Lima] Conexión a BD exitosa
[15-Jun-2023 19:06:26 America/Lima] Inicio de la Aplicación
[15-Jun-2023 19:06:26 America/Lima] Conexión a BD exitosa
[15-Jun-2023 19:06:26 America/Lima] Inicio de la Aplicación
[15-Jun-2023 19:06:27 America/Lima] Conexión a BD exitosa
[15-Jun-2023 19:06:27 America/Lima] Inicio de la Aplicación
[15-Jun-2023 19:06:27 America/Lima] Conexión a BD exitosa
[15-Jun-2023 19:06:29 America/Lima] Inicio de la Aplicación
[15-Jun-2023 19:06:29 America/Lima] Conexión a BD exitosa
[15-Jun-2023 19:06:33 America/Lima] Inicio de la Aplicación
[15-Jun-2023 19:06:33 America/Lima] Conexión a BD exitosa
[15-Jun-2023 19:06:35 America/Lima] Inicio de la Aplicación
[15-Jun-2023 19:06:35 America/Lima] Conexión a BD exitosa
[15-Jun-2023 19:06:35 America/Lima] Inicio de la Aplicación
[15-Jun-2023 19:06:35 America/Lima] Conexión a BD exitosa
[15-Jun-2023 19:06:36 America/Lima] Inicio de la Aplicación
[15-Jun-2023 19:06:36 America/Lima] Conexión a BD exitosa
[15-Jun-2023 19:06:40 America/Lima] Inicio de la Aplicación
[15-Jun-2023 19:06:40 America/Lima] Conexión a BD exitosa
[15-Jun-2023 19:06:41 America/Lima] Inicio de la Aplicación
[15-Jun-2023 19:06:41 America/Lima] Conexión a BD exitosa
[15-Jun-2023 19:06:44 America/Lima] Inicio de la Aplicación
[15-Jun-2023 19:06:44 America/Lima] Conexión a BD exitosa
[15-Jun-2023 19:06:45 America/Lima] Inicio de la Aplicación
[15-Jun-2023 19:06:45 America/Lima] Conexión a BD exitosa
[15-Jun-2023 19:06:45 America/Lima] Inicio de la Aplicación
[15-Jun-2023 19:06:45 America/Lima] Conexión a BD exitosa
[15-Jun-2023 19:06:46 America/Lima] Inicio de la Aplicación
[15-Jun-2023 19:06:46 America/Lima] Conexión a BD exitosa
[15-Jun-2023 19:06:46 America/Lima] Inicio de la Aplicación
[15-Jun-2023 19:06:46 America/Lima] Inicio de la Aplicación
[15-Jun-2023 19:06:46 America/Lima] Conexión a BD exitosa
[15-Jun-2023 19:12:58 America/Lima] Inicio de la Aplicación
[15-Jun-2023 19:12:58 America/Lima] Conexión a BD exitosa
[15-Jun-2023 19:12:59 America/Lima] Inicio de la Aplicación
[15-Jun-2023 19:12:59 America/Lima] Inicio de la Aplicación
[15-Jun-2023 19:12:59 America/Lima] Conexión a BD exitosa
[15-Jun-2023 19:13:00 America/Lima] Inicio de la Aplicación
[15-Jun-2023 19:13:00 America/Lima] Conexión a BD exitosa
[15-Jun-2023 19:13:01 America/Lima] Inicio de la Aplicación
[15-Jun-2023 19:13:01 America/Lima] Inicio de la Aplicación
[15-Jun-2023 19:13:01 America/Lima] Conexión a BD exitosa
[15-Jun-2023 19:13:02 America/Lima] Inicio de la Aplicación
[15-Jun-2023 19:13:02 America/Lima] Conexión a BD exitosa
[15-Jun-2023 19:13:03 America/Lima] Inicio de la Aplicación
[15-Jun-2023 19:13:03 America/Lima] Conexión a BD exitosa
[15-Jun-2023 19:13:12 America/Lima] Inicio de la Aplicación
[15-Jun-2023 19:13:12 America/Lima] Conexión a BD exitosa
[15-Jun-2023 19:13:13 America/Lima] Inicio de la Aplicación
[15-Jun-2023 19:13:13 America/Lima] Inicio de la Aplicación
[15-Jun-2023 19:13:13 America/Lima] Conexión a BD exitosa
[15-Jun-2023 19:13:14 America/Lima] Inicio de la Aplicación
[15-Jun-2023 19:13:14 America/Lima] Conexión a BD exitosa
[15-Jun-2023 19:13:16 America/Lima] Inicio de la Aplicación
[15-Jun-2023 19:13:16 America/Lima] Conexión a BD exitosa
[15-Jun-2023 19:13:16 America/Lima] Inicio de la Aplicación
[15-Jun-2023 19:13:16 America/Lima] Conexión a BD exitosa
[15-Jun-2023 19:13:16 America/Lima] Inicio de la Aplicación
[15-Jun-2023 19:13:16 America/Lima] Conexión a BD exitosa
[15-Jun-2023 19:13:17 America/Lima] Inicio de la Aplicación
[15-Jun-2023 19:13:17 America/Lima] Conexión a BD exitosa
[15-Jun-2023 19:13:18 America/Lima] Inicio de la Aplicación
[15-Jun-2023 19:13:18 America/Lima] Conexión a BD exitosa
[15-Jun-2023 19:13:21 America/Lima] Inicio de la Aplicación
[15-Jun-2023 19:13:21 America/Lima] Conexión a BD exitosa
[15-Jun-2023 19:13:34 America/Lima] Inicio de la Aplicación
[15-Jun-2023 19:13:34 America/Lima] Conexión a BD exitosa
[15-Jun-2023 19:13:34 America/Lima] Inicio de la Aplicación
[15-Jun-2023 19:13:34 America/Lima] Conexión a BD exitosa
[15-Jun-2023 19:13:44 America/Lima] Inicio de la Aplicación
[15-Jun-2023 19:13:44 America/Lima] Conexión a BD exitosa
[15-Jun-2023 19:13:45 America/Lima] Inicio de la Aplicación
[15-Jun-2023 19:13:45 America/Lima] Conexión a BD exitosa
[15-Jun-2023 19:15:21 America/Lima] Inicio de la Aplicación
[15-Jun-2023 19:15:21 America/Lima] Conexión a BD exitosa
[15-Jun-2023 19:15:22 America/Lima] Inicio de la Aplicación
[15-Jun-2023 19:15:22 America/Lima] Inicio de la Aplicación
[15-Jun-2023 19:15:22 America/Lima] Conexión a BD exitosa
[15-Jun-2023 19:15:22 America/Lima] Inicio de la Aplicación
[15-Jun-2023 19:15:22 America/Lima] Conexión a BD exitosa
[15-Jun-2023 19:15:24 America/Lima] Inicio de la Aplicación
[15-Jun-2023 19:15:25 America/Lima] Conexión a BD exitosa
[15-Jun-2023 19:15:28 America/Lima] Inicio de la Aplicación
[15-Jun-2023 19:15:28 America/Lima] Conexión a BD exitosa
[15-Jun-2023 19:15:28 America/Lima] Inicio de la Aplicación
[15-Jun-2023 19:15:28 America/Lima] Conexión a BD exitosa
[15-Jun-2023 19:15:33 America/Lima] Inicio de la Aplicación
[15-Jun-2023 19:15:33 America/Lima] Conexión a BD exitosa
[15-Jun-2023 19:15:34 America/Lima] Inicio de la Aplicación
[15-Jun-2023 19:15:34 America/Lima] Conexión a BD exitosa
[15-Jun-2023 19:15:35 America/Lima] Inicio de la Aplicación
[15-Jun-2023 19:15:35 America/Lima] Conexión a BD exitosa
[15-Jun-2023 19:15:35 America/Lima] Inicio de la Aplicación
[15-Jun-2023 19:15:35 America/Lima] Conexión a BD exitosa
[15-Jun-2023 19:15:36 America/Lima] Inicio de la Aplicación
[15-Jun-2023 19:15:36 America/Lima] Inicio de la Aplicación
[15-Jun-2023 19:15:36 America/Lima] Conexión a BD exitosa
[15-Jun-2023 19:33:34 America/Lima] Inicio de la Aplicación
[15-Jun-2023 19:33:34 America/Lima] Conexión a BD exitosa
[15-Jun-2023 19:33:35 America/Lima] Inicio de la Aplicación
[15-Jun-2023 19:33:35 America/Lima] Conexión a BD exitosa
[15-Jun-2023 19:33:38 America/Lima] Inicio de la Aplicación
[15-Jun-2023 19:33:38 America/Lima] Conexión a BD exitosa
[15-Jun-2023 19:33:39 America/Lima] Inicio de la Aplicación
[15-Jun-2023 19:33:39 America/Lima] Conexión a BD exitosa
[15-Jun-2023 19:33:43 America/Lima] Inicio de la Aplicación
[15-Jun-2023 19:33:43 America/Lima] Conexión a BD exitosa
[15-Jun-2023 19:33:43 America/Lima] Inicio de la Aplicación
[15-Jun-2023 19:33:43 America/Lima] Conexión a BD exitosa
[15-Jun-2023 19:36:24 America/Lima] Inicio de la Aplicación
[15-Jun-2023 19:36:24 America/Lima] Conexión a BD exitosa
[15-Jun-2023 20:12:19 America/Lima] Inicio de la Aplicación
[15-Jun-2023 20:12:19 America/Lima] Conexión a BD exitosa
[15-Jun-2023 20:12:19 America/Lima] PHP Fatal error:  Uncaught TypeError: ComprasModel::getClienteid(): Argument #1 ($id) must be of type int, string given, called in C:\xampp\htdocs\pos_venta\Controllers\Compras.php on line 76 and defined in C:\xampp\htdocs\pos_venta\Models\ComprasModel.php:22
Stack trace:
#0 C:\xampp\htdocs\pos_venta\Controllers\Compras.php(76): ComprasModel->getClienteid('')
#1 C:\xampp\htdocs\pos_venta\index.php(49): Compras->buscarIdCliente('')
#2 {main}
  thrown in C:\xampp\htdocs\pos_venta\Models\ComprasModel.php on line 22
[15-Jun-2023 20:12:25 America/Lima] Inicio de la Aplicación
[15-Jun-2023 20:12:25 America/Lima] Conexión a BD exitosa
[15-Jun-2023 20:16:26 America/Lima] Inicio de la Aplicación
[15-Jun-2023 20:16:26 America/Lima] Inicio de la Aplicación
[15-Jun-2023 20:16:26 America/Lima] Conexión a BD exitosa
[15-Jun-2023 20:16:27 America/Lima] Inicio de la Aplicación
[15-Jun-2023 20:16:27 America/Lima] Conexión a BD exitosa
[15-Jun-2023 20:16:29 America/Lima] Inicio de la Aplicación
[15-Jun-2023 20:16:29 America/Lima] Conexión a BD exitosa
[15-Jun-2023 20:16:29 America/Lima] Inicio de la Aplicación
[15-Jun-2023 20:16:29 America/Lima] Conexión a BD exitosa
[15-Jun-2023 20:16:46 America/Lima] Inicio de la Aplicación
[15-Jun-2023 20:16:46 America/Lima] Conexión a BD exitosa
[15-Jun-2023 20:16:46 America/Lima] Inicio de la Aplicación
[15-Jun-2023 20:16:46 America/Lima] Conexión a BD exitosa
[15-Jun-2023 20:19:47 America/Lima] Inicio de la Aplicación
[15-Jun-2023 20:19:47 America/Lima] Conexión a BD exitosa
[15-Jun-2023 20:19:47 America/Lima] Inicio de la Aplicación
[15-Jun-2023 20:19:47 America/Lima] Conexión a BD exitosa
[15-Jun-2023 20:19:48 America/Lima] Inicio de la Aplicación
[15-Jun-2023 20:19:48 America/Lima] Conexión a BD exitosa
[15-Jun-2023 20:19:50 America/Lima] Inicio de la Aplicación
[15-Jun-2023 20:19:50 America/Lima] Conexión a BD exitosa
[15-Jun-2023 20:19:57 America/Lima] Inicio de la Aplicación
[15-Jun-2023 20:20:19 America/Lima] Inicio de la Aplicación
[15-Jun-2023 20:20:19 America/Lima] Conexión a BD exitosa
[15-Jun-2023 20:20:19 America/Lima] Inicio de la Aplicación
[15-Jun-2023 20:20:19 America/Lima] Inicio de la Aplicación
[15-Jun-2023 20:20:19 America/Lima] Conexión a BD exitosa
[15-Jun-2023 20:20:20 America/Lima] Inicio de la Aplicación
[15-Jun-2023 20:20:20 America/Lima] Conexión a BD exitosa
[15-Jun-2023 20:20:21 America/Lima] Inicio de la Aplicación
[15-Jun-2023 20:20:21 America/Lima] Conexión a BD exitosa
[15-Jun-2023 20:20:26 America/Lima] Inicio de la Aplicación
[15-Jun-2023 20:20:26 America/Lima] Conexión a BD exitosa
[15-Jun-2023 20:20:27 America/Lima] Inicio de la Aplicación
[15-Jun-2023 20:20:27 America/Lima] Conexión a BD exitosa
[15-Jun-2023 20:20:35 America/Lima] Inicio de la Aplicación
[15-Jun-2023 20:20:35 America/Lima] Conexión a BD exitosa
[15-Jun-2023 20:20:36 America/Lima] Inicio de la Aplicación
[15-Jun-2023 20:20:36 America/Lima] Conexión a BD exitosa
[15-Jun-2023 20:20:43 America/Lima] Inicio de la Aplicación
[15-Jun-2023 20:20:43 America/Lima] Conexión a BD exitosa
[15-Jun-2023 20:20:44 America/Lima] Inicio de la Aplicación
[15-Jun-2023 20:20:44 America/Lima] Conexión a BD exitosa
[15-Jun-2023 20:20:49 America/Lima] Inicio de la Aplicación
[15-Jun-2023 20:20:49 America/Lima] Conexión a BD exitosa
[15-Jun-2023 20:20:50 America/Lima] Inicio de la Aplicación
[15-Jun-2023 20:20:50 America/Lima] Conexión a BD exitosa
[15-Jun-2023 20:20:52 America/Lima] Inicio de la Aplicación
[15-Jun-2023 20:20:52 America/Lima] Conexión a BD exitosa
[15-Jun-2023 20:20:53 America/Lima] Inicio de la Aplicación
[15-Jun-2023 20:20:53 America/Lima] Inicio de la Aplicación
[15-Jun-2023 20:20:53 America/Lima] Conexión a BD exitosa
[15-Jun-2023 20:20:56 America/Lima] Inicio de la Aplicación
[15-Jun-2023 20:20:56 America/Lima] Conexión a BD exitosa
[15-Jun-2023 20:20:57 America/Lima] Inicio de la Aplicación
[15-Jun-2023 20:20:57 America/Lima] Conexión a BD exitosa
[15-Jun-2023 20:21:43 America/Lima] Inicio de la Aplicación
[15-Jun-2023 20:21:43 America/Lima] Conexión a BD exitosa
[15-Jun-2023 20:21:43 America/Lima] Inicio de la Aplicación
[15-Jun-2023 20:21:43 America/Lima] Conexión a BD exitosa
[15-Jun-2023 20:21:45 America/Lima] Inicio de la Aplicación
[15-Jun-2023 20:21:45 America/Lima] Conexión a BD exitosa
[15-Jun-2023 20:21:45 America/Lima] Inicio de la Aplicación
[15-Jun-2023 20:21:45 America/Lima] Conexión a BD exitosa
[15-Jun-2023 20:21:47 America/Lima] Inicio de la Aplicación
[15-Jun-2023 20:21:47 America/Lima] Conexión a BD exitosa
[15-Jun-2023 20:21:47 America/Lima] Inicio de la Aplicación
[15-Jun-2023 20:21:47 America/Lima] Conexión a BD exitosa
[15-Jun-2023 20:21:49 America/Lima] Inicio de la Aplicación
[15-Jun-2023 20:21:51 America/Lima] Inicio de la Aplicación
[15-Jun-2023 20:21:51 America/Lima] Conexión a BD exitosa
[15-Jun-2023 20:21:52 America/Lima] Inicio de la Aplicación
[15-Jun-2023 20:21:52 America/Lima] Inicio de la Aplicación
[15-Jun-2023 20:21:52 America/Lima] Conexión a BD exitosa
[15-Jun-2023 20:21:54 America/Lima] Inicio de la Aplicación
[15-Jun-2023 20:21:54 America/Lima] Conexión a BD exitosa
[15-Jun-2023 20:21:54 America/Lima] Inicio de la Aplicación
[15-Jun-2023 20:21:54 America/Lima] Inicio de la Aplicación
[15-Jun-2023 20:21:54 America/Lima] Conexión a BD exitosa
[15-Jun-2023 20:26:39 America/Lima] Inicio de la Aplicación
[15-Jun-2023 20:26:39 America/Lima] Conexión a BD exitosa
[15-Jun-2023 20:26:39 America/Lima] Inicio de la Aplicación
[15-Jun-2023 20:26:40 America/Lima] Inicio de la Aplicación
[15-Jun-2023 20:26:40 America/Lima] Conexión a BD exitosa
